<?xml version="1.0" encoding="UTF-8"?>
<!-- Generated by org.testng.reporters.JUnitReportReporter -->
<testsuite skipped="0" hostname="IBM-Testing01" name="demoWebShopTESTS.RegisterPageTest" tests="1" failures="0" timestamp="09 Jan 2020 04:47:17 GMT" time="16.521" errors="0">
  <testcase name="checkregister" time="16.521" classname="demoWebShopTESTS.RegisterPageTest"/>
</testsuite> <!-- demoWebShopTESTS.RegisterPageTest -->
